TN:
SF:libs\shared\dls\src\components\dtm-alert\dtm-alert.tsx
FN:21,(anonymous_0)
FN:25,(anonymous_1)
FN:58,(anonymous_2)
FN:66,(anonymous_3)
FN:156,(anonymous_4)
FNF:5
FNH:5
FNDA:7,(anonymous_0)
FNDA:8,(anonymous_1)
FNDA:1,(anonymous_2)
FNDA:8,(anonymous_3)
FNDA:7,(anonymous_4)
DA:2,1
DA:4,1
DA:14,7
DA:19,7
DA:22,7
DA:26,8
DA:27,8
DA:52,8
DA:59,1
DA:67,8
DA:68,2
DA:88,6
DA:89,1
DA:109,5
DA:110,1
DA:130,4
DA:131,4
DA:157,7
LF:18
LH:18
BRDA:27,0,0,1
BRDA:27,0,1,7
BRDA:67,1,0,2
BRDA:88,2,0,1
BRDA:109,3,0,1
BRDA:130,4,0,4
BRF:6
BRH:6
end_of_record
TN:
SF:libs\shared\dls\src\components\dtm-button\dtm-button.tsx
FN:41,(anonymous_1)
FNF:1
FNH:1
FNDA:17,(anonymous_1)
DA:2,1
DA:4,1
DA:14,17
DA:24,17
DA:29,17
DA:34,17
DA:39,17
DA:42,17
LF:8
LH:8
BRDA:46,0,0,2
BRDA:46,0,1,15
BRF:2
BRH:2
end_of_record
TN:
SF:libs\shared\dls\src\components\dtm-card\dtm-card.tsx
FN:40,(anonymous_1)
FNF:1
FNH:1
FNDA:8,(anonymous_1)
DA:2,1
DA:4,1
DA:13,8
DA:23,8
DA:38,8
DA:41,8
LF:6
LH:6
BRDA:46,0,0,8
BRDA:46,0,1,6
BRDA:52,1,0,8
BRDA:52,1,1,7
BRDA:57,2,0,8
BRDA:57,2,1,7
BRF:6
BRH:6
end_of_record
TN:
SF:libs\shared\dls\src\components\dtm-card-container\dtm-card-container.tsx
FN:16,(anonymous_1)
FNF:1
FNH:1
FNDA:2,(anonymous_1)
DA:2,1
DA:4,1
DA:14,2
DA:17,2
LF:4
LH:4
BRF:0
BRH:0
end_of_record
TN:
SF:libs\shared\dls\src\components\dtm-checkbox\dtm-checkbox.tsx
FN:46,(anonymous_1)
FNF:1
FNH:1
FNDA:1,(anonymous_1)
DA:2,1
DA:4,1
DA:14,1
DA:20,1
DA:38,1
DA:44,1
DA:47,1
LF:7
LH:7
BRDA:51,0,0,0
BRDA:51,0,1,1
BRDA:57,1,0,1
BRDA:57,1,1,0
BRF:4
BRH:2
end_of_record
TN:
SF:libs\shared\dls\src\components\dtm-dropdown\dtm-dropdown.tsx
FN:121,(anonymous_0)
FN:129,(anonymous_1)
FN:137,(anonymous_2)
FN:141,(anonymous_3)
FN:165,(anonymous_4)
FN:176,(anonymous_5)
FN:203,(anonymous_6)
FN:208,(anonymous_7)
FN:223,(anonymous_8)
FNF:9
FNH:8
FNDA:17,(anonymous_0)
FNDA:1,(anonymous_1)
FNDA:1,(anonymous_2)
FNDA:19,(anonymous_3)
FNDA:19,(anonymous_4)
FNDA:8,(anonymous_5)
FNDA:1,(anonymous_6)
FNDA:4,(anonymous_7)
FNDA:0,(anonymous_8)
DA:1,1
DA:18,1
DA:28,17
DA:34,17
DA:40,17
DA:52,17
DA:58,17
DA:82,17
DA:88,17
DA:94,17
DA:109,17
DA:122,17
DA:123,17
DA:130,1
DA:138,1
DA:142,19
DA:144,19
DA:166,19
DA:177,8
DA:204,1
DA:206,1
DA:208,1
DA:209,4
DA:210,0
DA:212,4
DA:216,1
DA:224,0
DA:225,0
LF:28
LH:25
BRDA:142,0,0,19
BRDA:142,0,1,0
BRDA:147,1,0,1
BRDA:147,1,1,18
BRDA:149,2,0,19
BRDA:149,2,1,12
BRDA:153,3,0,1
BRDA:153,3,1,18
BRDA:154,4,0,1
BRDA:154,4,1,18
BRDA:164,5,0,1
BRDA:164,5,1,18
BRDA:171,6,0,19
BRDA:171,6,1,0
BRDA:171,7,0,18
BRDA:171,7,1,1
BRDA:171,8,0,19
BRDA:171,8,1,19
BRDA:175,9,0,19
BRDA:175,9,1,19
BRDA:179,10,0,2
BRDA:179,10,1,6
BRDA:187,11,0,19
BRDA:187,11,1,1
BRDA:187,11,2,1
BRDA:204,12,0,0
BRDA:204,12,1,1
BRDA:204,13,0,1
BRDA:204,13,1,1
BRDA:209,14,0,0
BRDA:209,14,1,4
BRDA:224,15,0,0
BRF:32
BRH:27
end_of_record
TN:
SF:libs\shared\dls\src\components\dtm-loader-fullscreen\dtm-loader-fullscreen.tsx
FN:28,(anonymous_1)
FN:36,(anonymous_2)
FN:71,(anonymous_3)
FN:107,(anonymous_4)
FN:116,(anonymous_5)
FNF:5
FNH:4
FNDA:3,(anonymous_1)
FNDA:3,(anonymous_2)
FNDA:2,(anonymous_3)
FNDA:1,(anonymous_4)
FNDA:0,(anonymous_5)
DA:2,1
DA:4,1
DA:14,3
DA:19,3
DA:24,3
DA:29,3
DA:30,2
DA:32,1
DA:37,3
DA:73,2
DA:76,2
DA:78,2
DA:80,2
DA:84,2
DA:100,2
DA:109,1
DA:111,1
DA:112,0
DA:115,0
DA:116,0
DA:117,0
LF:21
LH:17
BRDA:29,0,0,2
BRDA:29,0,1,1
BRDA:78,1,0,2
BRDA:78,2,0,2
BRDA:78,2,1,2
BRDA:90,3,0,2
BRDA:90,3,1,0
BRDA:111,4,0,0
BRDA:113,5,0,0
BRDA:113,5,1,0
BRF:10
BRH:6
end_of_record
TN:
SF:libs\shared\dls\src\components\dtm-modal\dtm-modal.tsx
FN:82,(anonymous_0)
FN:92,(anonymous_1)
FN:104,(anonymous_2)
FN:117,(anonymous_3)
FN:136,(anonymous_4)
FN:149,(anonymous_5)
FN:231,(anonymous_6)
FN:240,(anonymous_7)
FN:249,(anonymous_8)
FN:257,(anonymous_9)
FN:265,(anonymous_10)
FN:298,(anonymous_11)
FN:306,(anonymous_12)
FNF:13
FNH:5
FNDA:0,(anonymous_0)
FNDA:1,(anonymous_1)
FNDA:1,(anonymous_2)
FNDA:1,(anonymous_3)
FNDA:1,(anonymous_4)
FNDA:0,(anonymous_5)
FNDA:0,(anonymous_6)
FNDA:0,(anonymous_7)
FNDA:0,(anonymous_8)
FNDA:0,(anonymous_9)
FNDA:0,(anonymous_10)
FNDA:2,(anonymous_11)
FNDA:0,(anonymous_12)
DA:1,1
DA:13,1
DA:24,1
DA:29,1
DA:53,1
DA:59,1
DA:83,0
DA:84,0
DA:85,0
DA:89,1
DA:90,1
DA:93,1
DA:94,1
DA:95,1
DA:96,1
DA:105,1
DA:106,0
DA:108,1
DA:109,1
DA:118,1
DA:119,0
DA:121,1
DA:125,1
DA:127,1
DA:128,0
DA:129,0
DA:131,0
DA:137,1
DA:150,0
DA:232,0
DA:233,0
DA:241,0
DA:242,0
DA:250,0
DA:258,0
DA:259,0
DA:267,0
DA:270,0
DA:272,0
DA:274,0
DA:281,0
DA:291,0
DA:300,2
DA:302,2
DA:303,0
DA:304,0
DA:306,0
DA:307,0
DA:309,0
LF:49
LH:22
BRDA:83,0,0,0
BRDA:105,1,0,0
BRDA:105,1,1,1
BRDA:118,2,0,0
BRDA:118,2,1,1
BRDA:118,3,0,1
BRDA:118,3,1,0
BRDA:127,4,0,0
BRDA:127,5,0,1
BRDA:127,5,1,1
BRDA:128,6,0,0
BRDA:128,6,1,0
BRDA:153,7,0,0
BRDA:153,7,1,0
BRDA:153,7,2,0
BRDA:159,8,0,0
BRDA:159,8,1,0
BRDA:159,9,0,0
BRDA:159,9,1,0
BRDA:159,10,0,0
BRDA:159,10,1,0
BRDA:162,11,0,0
BRDA:162,11,1,0
BRDA:168,12,0,0
BRDA:168,12,1,0
BRDA:196,13,0,0
BRDA:196,13,1,0
BRDA:196,13,2,0
BRDA:198,14,0,0
BRDA:198,14,1,0
BRDA:198,15,0,0
BRDA:198,15,1,0
BRDA:198,16,0,0
BRDA:198,16,1,0
BRDA:210,17,0,0
BRDA:210,17,1,0
BRDA:210,18,0,0
BRDA:210,18,1,0
BRDA:210,19,0,0
BRDA:210,19,1,0
BRDA:272,20,0,0
BRDA:272,21,0,0
BRDA:272,21,1,0
BRDA:302,22,0,0
BRF:44
BRH:5
end_of_record
TN:
SF:libs\shared\dls\src\components\dtm-status-message\dtm-status-message.tsx
FN:22,(anonymous_1)
FN:38,(anonymous_2)
FNF:2
FNH:2
FNDA:4,(anonymous_1)
FNDA:4,(anonymous_2)
DA:2,1
DA:4,1
DA:14,4
DA:23,4
DA:25,4
DA:39,4
DA:40,1
DA:59,3
DA:60,2
DA:80,1
DA:81,1
LF:11
LH:11
BRDA:39,0,0,1
BRDA:59,1,0,2
BRDA:80,2,0,1
BRF:3
BRH:3
end_of_record
TN:
SF:libs\shared\dls\src\components\dtm-textfield\dtm-textfield.tsx
FN:148,(anonymous_0)
FN:159,(anonymous_1)
FN:166,(anonymous_2)
FN:170,(anonymous_3)
FN:231,(anonymous_4)
FN:276,(anonymous_5)
FN:288,(anonymous_6)
FN:319,(anonymous_7)
FN:392,(anonymous_8)
FN:398,(anonymous_9)
FN:408,(anonymous_10)
FN:422,(anonymous_11)
FN:442,(anonymous_12)
FN:453,(anonymous_13)
FN:466,(anonymous_14)
FN:480,(anonymous_15)
FNF:16
FNH:12
FNDA:30,(anonymous_0)
FNDA:1,(anonymous_1)
FNDA:1,(anonymous_2)
FNDA:31,(anonymous_3)
FNDA:0,(anonymous_4)
FNDA:0,(anonymous_5)
FNDA:0,(anonymous_6)
FNDA:2,(anonymous_7)
FNDA:31,(anonymous_8)
FNDA:1,(anonymous_9)
FNDA:7,(anonymous_10)
FNDA:1,(anonymous_11)
FNDA:1,(anonymous_12)
FNDA:21,(anonymous_13)
FNDA:0,(anonymous_14)
FNDA:31,(anonymous_15)
DA:2,1
DA:4,1
DA:14,30
DA:20,30
DA:26,30
DA:32,30
DA:44,30
DA:50,30
DA:104,30
DA:110,30
DA:116,30
DA:122,30
DA:135,30
DA:149,30
DA:150,30
DA:152,30
DA:160,1
DA:167,1
DA:171,31
DA:172,31
DA:174,31
DA:232,0
DA:234,0
DA:235,0
DA:236,0
DA:238,0
DA:239,0
DA:240,0
DA:243,0
DA:244,0
DA:245,0
DA:248,0
DA:249,0
DA:250,0
DA:253,0
DA:254,0
DA:255,0
DA:258,0
DA:259,0
DA:260,0
DA:261,0
DA:262,0
DA:265,0
DA:266,0
DA:267,0
DA:278,0
DA:280,0
DA:281,0
DA:289,0
DA:291,0
DA:295,0
DA:299,0
DA:300,0
DA:301,0
DA:302,0
DA:303,0
DA:306,0
DA:307,0
DA:308,0
DA:309,0
DA:311,0
DA:320,2
DA:321,1
DA:350,1
DA:351,1
DA:393,31
DA:395,31
DA:397,1
DA:398,1
DA:402,7
DA:409,7
DA:410,7
DA:416,1
DA:423,1
DA:424,1
DA:439,1
DA:443,1
DA:444,1
DA:450,21
DA:454,21
DA:455,21
DA:462,0
DA:467,0
DA:468,0
DA:481,31
DA:486,31
DA:488,31
DA:489,31
DA:492,31
DA:493,1
DA:496,31
DA:497,1
DA:500,31
DA:501,31
DA:504,31
DA:505,1
DA:508,31
DA:509,2
DA:512,31
DA:513,1
DA:516,31
DA:517,7
DA:520,31
DA:521,3
DA:524,31
DA:525,4
DA:528,31
DA:529,2
DA:532,31
DA:533,4
DA:536,31
DA:537,1
DA:540,31
DA:541,1
DA:545,31
DA:553,13
DA:556,31
DA:557,2
DA:558,2
DA:561,31
LF:120
LH:77
BRDA:179,0,0,31
BRDA:179,0,1,1
BRDA:179,0,2,30
BRDA:181,1,0,30
BRDA:181,1,1,30
BRDA:188,2,0,30
BRDA:188,2,1,1
BRDA:196,3,0,30
BRDA:196,3,1,2
BRDA:205,4,0,2
BRDA:205,4,1,2
BRDA:205,5,0,2
BRDA:205,5,1,0
BRDA:205,6,0,2
BRDA:205,6,1,2
BRDA:205,7,0,2
BRDA:205,7,1,0
BRDA:205,8,0,2
BRDA:205,8,1,2
BRDA:207,9,0,2
BRDA:207,9,1,1
BRDA:215,10,0,31
BRDA:215,10,1,8
BRDA:215,10,2,2
BRDA:238,11,0,0
BRDA:239,12,0,0
BRDA:239,12,1,0
BRDA:243,13,0,0
BRDA:243,14,0,0
BRDA:243,14,1,0
BRDA:243,15,0,0
BRDA:243,15,1,0
BRDA:243,16,0,0
BRDA:243,16,1,0
BRDA:248,17,0,0
BRDA:248,18,0,0
BRDA:248,18,1,0
BRDA:253,19,0,0
BRDA:253,20,0,0
BRDA:253,20,1,0
BRDA:258,21,0,0
BRDA:258,22,0,0
BRDA:258,22,1,0
BRDA:260,23,0,0
BRDA:260,24,0,0
BRDA:260,24,1,0
BRDA:265,25,0,0
BRDA:265,26,0,0
BRDA:265,26,1,0
BRDA:280,27,0,0
BRDA:299,28,0,0
BRDA:306,29,0,0
BRDA:320,30,0,1
BRDA:350,31,0,1
BRDA:395,32,0,1
BRDA:395,32,1,7
BRDA:395,32,2,1
BRDA:395,32,3,1
BRDA:395,32,4,21
BRDA:395,32,5,0
BRDA:404,33,0,5
BRDA:404,33,1,2
BRDA:405,34,0,5
BRDA:405,34,1,2
BRDA:406,35,0,5
BRDA:406,35,1,2
BRDA:409,36,0,7
BRDA:417,37,0,0
BRDA:417,37,1,1
BRDA:423,38,0,1
BRDA:443,39,0,1
BRDA:454,40,0,21
BRDA:467,41,0,0
BRDA:488,42,0,31
BRDA:488,43,0,0
BRDA:488,43,1,31
BRDA:488,44,0,31
BRDA:488,44,1,31
BRDA:492,45,0,1
BRDA:496,46,0,1
BRDA:500,47,0,31
BRDA:500,48,0,0
BRDA:500,48,1,31
BRDA:500,49,0,31
BRDA:500,49,1,31
BRDA:504,50,0,1
BRDA:508,51,0,2
BRDA:512,52,0,1
BRDA:513,53,0,1
BRDA:513,53,1,0
BRDA:516,54,0,7
BRDA:520,55,0,3
BRDA:524,56,0,4
BRDA:524,57,0,27
BRDA:524,57,1,4
BRDA:524,58,0,31
BRDA:524,58,1,31
BRDA:528,59,0,2
BRDA:528,60,0,29
BRDA:528,60,1,2
BRDA:528,61,0,31
BRDA:528,61,1,31
BRDA:532,62,0,4
BRDA:532,63,0,27
BRDA:532,63,1,4
BRDA:532,64,0,31
BRDA:532,64,1,31
BRDA:536,65,0,1
BRDA:540,66,0,1
BRDA:545,67,0,13
BRDA:546,68,0,31
BRDA:546,68,1,30
BRDA:546,68,2,28
BRDA:546,68,3,26
BRDA:546,68,4,25
BRDA:546,68,5,23
BRDA:547,69,0,28
BRDA:547,69,1,2
BRDA:547,70,0,30
BRDA:547,70,1,30
BRDA:556,71,0,2
BRF:121
BRH:85
end_of_record
TN:
SF:libs\shared\dls\src\components\dtm-tooltip\dtm-tooltip.tsx
FN:28,(anonymous_1)
FNF:1
FNH:1
FNDA:1,(anonymous_1)
DA:2,1
DA:4,1
DA:20,1
DA:26,1
DA:29,1
LF:5
LH:5
BRDA:34,0,0,0
BRDA:34,0,1,1
BRF:2
BRH:1
end_of_record
